c:\users\master\documents\visual studio 2017\projetos\projetosoft1\projetosoft1\debug\projetosoft1.pch
c:\users\master\documents\visual studio 2017\projetos\projetosoft1\projetosoft1\debug\vc141.pdb
c:\users\master\documents\visual studio 2017\projetos\projetosoft1\projetosoft1\debug\stdafx.obj
c:\users\master\documents\visual studio 2017\projetos\projetosoft1\projetosoft1\debug\projetosoft1.obj
c:\users\master\documents\visual studio 2017\projetos\projetosoft1\projetosoft1\debug\janelaprincipal.obj
c:\users\master\documents\visual studio 2017\projetos\projetosoft1\projetosoft1\debug\assemblyinfo.obj
c:\users\master\documents\visual studio 2017\projetos\projetosoft1\projetosoft1\debug\.netframework,version=v4.0.assemblyattributes.obj
c:\users\master\documents\visual studio 2017\projetos\projetosoft1\projetosoft1\debug\.netframework,version=v4.0.assemblyattributes.asm
c:\users\master\documents\visual studio 2017\projetos\projetosoft1\debug\projetosoft1.exe
c:\users\master\documents\visual studio 2017\projetos\projetosoft1\debug\projetosoft1.pdb
c:\users\master\documents\visual studio 2017\projetos\projetosoft1\projetosoft1\debug\projetosoft1.janelaprincipal.resources
c:\users\master\documents\visual studio 2017\projetos\projetosoft1\projetosoft1\debug\app.res
c:\users\master\documents\visual studio 2017\projetos\projetosoft1\projetosoft1\debug\projetosoft1.vcxproj.generateresource.cache
c:\users\master\documents\visual studio 2017\projetos\projetosoft1\projetosoft1\debug\projetosoft1.vcxprojresolveassemblyreference.cache
c:\users\master\documents\visual studio 2017\projetos\projetosoft1\projetosoft1\debug\projetosoft1.tlog\cl.command.1.tlog
c:\users\master\documents\visual studio 2017\projetos\projetosoft1\projetosoft1\debug\projetosoft1.tlog\cl.read.1.tlog
c:\users\master\documents\visual studio 2017\projetos\projetosoft1\projetosoft1\debug\projetosoft1.tlog\cl.write.1.tlog
c:\users\master\documents\visual studio 2017\projetos\projetosoft1\projetosoft1\debug\projetosoft1.tlog\link.command.1.tlog
c:\users\master\documents\visual studio 2017\projetos\projetosoft1\projetosoft1\debug\projetosoft1.tlog\link.read.1.tlog
c:\users\master\documents\visual studio 2017\projetos\projetosoft1\projetosoft1\debug\projetosoft1.tlog\link.write.1.tlog
c:\users\master\documents\visual studio 2017\projetos\projetosoft1\projetosoft1\debug\projetosoft1.tlog\metagen.read.1.tlog
c:\users\master\documents\visual studio 2017\projetos\projetosoft1\projetosoft1\debug\projetosoft1.tlog\metagen.write.1.tlog
c:\users\master\documents\visual studio 2017\projetos\projetosoft1\projetosoft1\debug\projetosoft1.tlog\projetosoft1.write.1u.tlog
c:\users\master\documents\visual studio 2017\projetos\projetosoft1\projetosoft1\debug\projetosoft1.tlog\rc.command.1.tlog
c:\users\master\documents\visual studio 2017\projetos\projetosoft1\projetosoft1\debug\projetosoft1.tlog\rc.read.1.tlog
c:\users\master\documents\visual studio 2017\projetos\projetosoft1\projetosoft1\debug\projetosoft1.tlog\rc.write.1.tlog
c:\users\master\documents\visual studio 2017\projetos\projetosoft1\projetosoft1\debug\projetosoft1.tlog\tzres.dll.bi
